Build started 2017/5/12 星期五 上午 9:54:25.
     1>Project "F:\研二下学期\方向\IHome1911\IHome1911\IHome1911.vcxproj" on node 2 (Build target(s)).
     1>ClCompile:
         D:\DevelopmentSoftware\Visual_Studio_2013\VC\bin\CL.exe /c /ZI /nologo /W3 /WX- /sdl /Od /Oy- /D WIN32 /D _DEBUG /D _CONSOLE /D _LIB /D _CRT_SECURE_NO_WARNINGS /D _UNICODE /D UNICODE /Gm /EHsc /RTC1 /MDd /GS /fp:precise /Zc:wchar_t /Zc:forScope /Fo"Debug\\" /Fd"Debug\vc120.pdb" /Gd /TP /analyze- /errorReport:prompt DemoTest.cpp IHomeUtil.cpp
         IHomeUtil.cpp
     1>f:\研二下学期\方向\ihome1911\ihome1911\ihomeutil.cpp(57): warning C4244: 'argument' : conversion from 'double' to 'int', possible loss of data
     1>f:\研二下学期\方向\ihome1911\ihome1911\ihomeutil.cpp(58): warning C4244: 'argument' : conversion from 'double' to 'int', possible loss of data
     1>f:\研二下学期\方向\ihome1911\ihome1911\ihomeutil.cpp(123): warning C4244: 'argument' : conversion from 'double' to 'int', possible loss of data
     1>f:\研二下学期\方向\ihome1911\ihome1911\ihomeutil.cpp(124): warning C4244: 'argument' : conversion from 'double' to 'int', possible loss of data
     1>f:\研二下学期\方向\ihome1911\ihome1911\ihomeutil.cpp(130): warning C4244: 'argument' : conversion from 'double' to 'int', possible loss of data
         Generating Code...
         Compiling...
         DemoTest.cpp
         Generating Code...
       Link:
         D:\DevelopmentSoftware\Visual_Studio_2013\VC\bin\link.exe /ERRORREPORT:PROMPT /OUT:"F:\研二下学期\方向\IHome1911\Debug\IHome1911.exe" /INCREMENTAL /NOLOGO opencv_ml2410d.lib opencv_calib3d2410d.lib opencv_contrib2410d.lib opencv_core2410d.lib opencv_features2d2410d.lib opencv_flann2410d.lib opencv_gpu2410d.lib opencv_highgui2410d.lib opencv_imgproc2410d.lib opencv_legacy2410d.lib opencv_objdetect2410d.lib opencv_ts2410d.lib opencv_video2410d.lib opencv_nonfree2410d.lib opencv_ocl2410d.lib opencv_photo2410d.lib opencv_stitching2410d.lib opencv_superres2410d.lib opencv_videostab2410d.lib opencv_objdetect2410.lib opencv_ts2410.lib opencv_video2410.lib opencv_nonfree2410.lib opencv_ocl2410.lib opencv_photo2410.lib opencv_stitching2410.lib opencv_superres2410.lib opencv_videostab2410.lib opencv_calib3d2410.lib opencv_contrib2410.lib opencv_core2410.lib opencv_features2d2410.lib opencv_flann2410.lib opencv_gpu2410.lib opencv_highgui2410.lib opencv_imgproc2410.lib opencv_legacy2410.lib opencv_ml2410.lib kernel32.lib user32.lib gdi32.lib winspool.lib comdlg32.lib advapi32.lib shell32.lib ole32.lib oleaut32.lib uuid.lib odbc32.lib odbccp32.lib /MANIFEST /MANIFESTUAC:"level='asInvoker' uiAccess='false'" /manifest:embed /DEBUG /PDB:"F:\研二下学期\方向\IHome1911\Debug\IHome1911.pdb" /SUBSYSTEM:CONSOLE /TLBID:1 /DYNAMICBASE /NXCOMPAT /IMPLIB:"F:\研二下学期\方向\IHome1911\Debug\IHome1911.lib" /MACHINE:X86 Debug\ClibrationData.obj
         Debug\CodeBook.obj
         Debug\CompressiveTracker.obj
         Debug\DemoTest.obj
         Debug\DPTexture.obj
         Debug\AdaptiveMedianBGS.obj
         Debug\Eigenbackground.obj
         Debug\Error.obj
         Debug\GrimsonGMM.obj
         Debug\Image.obj
         Debug\MeanBGS.obj
         Debug\PratiMediodBGS.obj
         Debug\TextureBGS.obj
         Debug\WrenGA.obj
         Debug\ZivkovicAGMM.obj
         Debug\GMG.obj
         Debug\IHomeUtil.obj
         Debug\IMBS.obj
         Debug\IndependentMultimodal.obj
         Debug\MultiLayer.obj
         Debug\blob.obj
         Debug\BlobExtraction.obj
         Debug\BlobResult.obj
         Debug\CMultiLayerBGS.obj
         Debug\LocalBinaryPattern.obj
         Debug\KDE.obj
         Debug\KernelTable.obj
         Debug\NPBGmodel.obj
         Debug\NPBGSubtractor.obj
         Debug\PBAS.obj
         IHome1911.vcxproj -> F:\研二下学期\方向\IHome1911\Debug\IHome1911.exe
     1>Done Building Project "F:\研二下学期\方向\IHome1911\IHome1911\IHome1911.vcxproj" (Build target(s)).

Build succeeded.

Time Elapsed 00:00:03.14
